<?xml version="1.0" encoding="UTF-8"?>
<!-- Generated by org.testng.reporters.JUnitReportReporter -->
<testsuite hostname="DESKTOP-C3NVCIR" failures="0" tests="3" name="com.qa.testcases.superadmin.SuperDashboardPageTest" time="78.772" errors="0" timestamp="21 May 2022 14:12:19 GMT">
  <testcase classname="com.qa.testcases.superadmin.SuperDashboardPageTest" name="create_ceo" time="38.801"/>
  <testcase classname="com.qa.testcases.superadmin.SuperDashboardPageTest" name="dash_title" time="23.796"/>
  <testcase classname="com.qa.testcases.superadmin.SuperDashboardPageTest" name="Test_APISettings" time="16.175"/>
</testsuite> <!-- com.qa.testcases.superadmin.SuperDashboardPageTest -->
