<?xml version="1.0" encoding="UTF-8"?>
<!-- Generated by org.testng.reporters.JUnitReportReporter -->
<testsuite hostname="DESKTOP-C3NVCIR" failures="0" tests="1" name="com.qa.testcases.superadmin.Dashboard_SA_Test" time="7.920" errors="0" timestamp="15 May 2022 17:00:39 GMT">
  <testcase classname="com.qa.testcases.superadmin.Dashboard_SA_Test" name="dash_title" time="7.920"/>
</testsuite> <!-- com.qa.testcases.superadmin.Dashboard_SA_Test -->
