<?xml version="1.0" encoding="UTF-8"?>
<!-- Generated by org.testng.reporters.JUnitReportReporter -->
<testsuite hostname="DESKTOP-C3NVCIR" failures="0" tests="3" name="com.qa.testcases.superadmin.SuperLoginPageTest" time="54.578" errors="0" timestamp="2022-05-27T23:36:57 IST" skipped="0">
  <testcase classname="com.qa.testcases.superadmin.SuperLoginPageTest" name="loginPageTitleTest" time="7.525"/>
  <system-out/>
  <testcase classname="com.qa.testcases.superadmin.SuperLoginPageTest" name="Kyubilogotest" time="20.249"/>
  <system-out/>
  <testcase classname="com.qa.testcases.superadmin.SuperLoginPageTest" name="loginTestSA" time="26.804"/>
  <system-out/>
</testsuite> <!-- com.qa.testcases.superadmin.SuperLoginPageTest -->
